

*******************************************************************************
Fri Feb  6 12:53:52 2026


FIT:    data read from "diffeq_h_scaling2.dat" using ($1):($3)
        format = x:z
        x range restricted to [1.00000e-07 : 0.100000]
        #datapoints = 7
        residuals are weighted equally (unit weight)

function used for fitting: f(x)
	f(x) = m*x + b
fitted parameters initialized with current variable values

iter      chisq       delta/lim  lambda   m             b            
   0 7.2303362494e+00   0.00e+00  7.08e-01    1.000000e+00   1.000000e+00
   5 5.4390736510e-09  -2.55e-03  7.08e-06    9.032365e-03  -1.419616e-05

After 5 iterations the fit converged.
final sum of squares of residuals : 5.43907e-09
rel. change during last iteration : -2.55387e-08

degrees of freedom    (FIT_NDF)                        : 5
rms of residuals      (FIT_STDFIT) = sqrt(WSSR/ndf)    : 3.2982e-05
variance of residuals (reduced chisquare) = WSSR/ndf   : 1.08781e-09

Final set of parameters            Asymptotic Standard Error
=======================            ==========================
m               = 0.00903236       +/- 0.0003612    (3.999%)
b               = -1.41962e-05     +/- 1.372e-05    (96.66%)

correlation matrix of the fit parameters:
                m      b      
m               1.000 
b              -0.418  1.000 


*******************************************************************************
Fri Feb  6 12:54:14 2026


FIT:    data read from "diffeq_h_scaling2.dat" using ($1):($3)
        format = x:z
        x range restricted to [1.00000e-07 : 0.100000]
        #datapoints = 7
        residuals are weighted equally (unit weight)

function used for fitting: f(x)
	f(x) = m*x + b
fitted parameters initialized with current variable values

iter      chisq       delta/lim  lambda   m             b            
   0 5.4390736510e-09   0.00e+00  2.43e-04    9.032365e-03  -1.419616e-05
   1 5.4390736510e-09   0.00e+00  2.43e-05    9.032365e-03  -1.419616e-05

After 1 iterations the fit converged.
final sum of squares of residuals : 5.43907e-09
rel. change during last iteration : 0

degrees of freedom    (FIT_NDF)                        : 5
rms of residuals      (FIT_STDFIT) = sqrt(WSSR/ndf)    : 3.2982e-05
variance of residuals (reduced chisquare) = WSSR/ndf   : 1.08781e-09

Final set of parameters            Asymptotic Standard Error
=======================            ==========================
m               = 0.00903236       +/- 0.0003612    (3.999%)
b               = -1.41962e-05     +/- 1.372e-05    (96.66%)

correlation matrix of the fit parameters:
                m      b      
m               1.000 
b              -0.418  1.000 


*******************************************************************************
Fri Feb  6 12:54:17 2026


FIT:    data read from "diffeq_h_scaling2.dat" using ($1):($3)
        format = x:z
        x range restricted to [1.00000e-07 : 0.100000]
        #datapoints = 7
        residuals are weighted equally (unit weight)

function used for fitting: f(x)
	f(x) = m*x + b
fitted parameters initialized with current variable values

iter      chisq       delta/lim  lambda   m             b            
   0 7.2303362494e+00   0.00e+00  7.08e-01    1.000000e+00   1.000000e+00
   5 5.4390736510e-09  -2.55e-03  7.08e-06    9.032365e-03  -1.419616e-05

After 5 iterations the fit converged.
final sum of squares of residuals : 5.43907e-09
rel. change during last iteration : -2.55387e-08

degrees of freedom    (FIT_NDF)                        : 5
rms of residuals      (FIT_STDFIT) = sqrt(WSSR/ndf)    : 3.2982e-05
variance of residuals (reduced chisquare) = WSSR/ndf   : 1.08781e-09

Final set of parameters            Asymptotic Standard Error
=======================            ==========================
m               = 0.00903236       +/- 0.0003612    (3.999%)
b               = -1.41962e-05     +/- 1.372e-05    (96.66%)

correlation matrix of the fit parameters:
                m      b      
m               1.000 
b              -0.418  1.000 


*******************************************************************************
Fri Feb  6 12:54:33 2026


FIT:    data read from "diffeq_h_scaling2.dat" using ($1):($3)
        format = x:z
        x range restricted to [1.00000e-07 : 0.100000]
        #datapoints = 7
        residuals are weighted equally (unit weight)

function used for fitting: f(x)
	f(x) = m*x + b
fitted parameters initialized with current variable values

iter      chisq       delta/lim  lambda   m             b            
   0 5.4390736510e-09   0.00e+00  2.43e-04    9.032365e-03  -1.419616e-05
   1 5.4390736510e-09   0.00e+00  2.43e-05    9.032365e-03  -1.419616e-05

After 1 iterations the fit converged.
final sum of squares of residuals : 5.43907e-09
rel. change during last iteration : 0

degrees of freedom    (FIT_NDF)                        : 5
rms of residuals      (FIT_STDFIT) = sqrt(WSSR/ndf)    : 3.2982e-05
variance of residuals (reduced chisquare) = WSSR/ndf   : 1.08781e-09

Final set of parameters            Asymptotic Standard Error
=======================            ==========================
m               = 0.00903236       +/- 0.0003612    (3.999%)
b               = -1.41962e-05     +/- 1.372e-05    (96.66%)

correlation matrix of the fit parameters:
                m      b      
m               1.000 
b              -0.418  1.000 


*******************************************************************************
Fri Feb  6 12:54:58 2026


FIT:    data read from "diffeq_h_scaling2.dat" using ($1):($3)
        format = x:z
        x range restricted to [1.00000e-07 : 0.100000]
        #datapoints = 7
        residuals are weighted equally (unit weight)

function used for fitting: f(x)
	f(x) = a * x**b
fitted parameters initialized with current variable values



*******************************************************************************
Fri Feb  6 12:55:05 2026


FIT:    data read from "diffeq_h_scaling2.dat" using ($1):($3)
        format = x:z
        x range restricted to [1.00000e-07 : 0.100000]
        #datapoints = 7
        residuals are weighted equally (unit weight)

function used for fitting: f(x)
	f(x) = a * x**b
fitted parameters initialized with current variable values

iter      chisq       delta/lim  lambda   a             b            
   0 9.9224952151e-03   0.00e+00  6.82e-02    1.000000e+00   1.000000e+00
  10 2.2739137205e-17  -2.56e-04  6.82e-12    9.560852e-02   2.028311e+00

After 10 iterations the fit converged.
final sum of squares of residuals : 2.27391e-17
rel. change during last iteration : -2.55935e-09

degrees of freedom    (FIT_NDF)                        : 5
rms of residuals      (FIT_STDFIT) = sqrt(WSSR/ndf)    : 2.13256e-09
variance of residuals (reduced chisquare) = WSSR/ndf   : 4.54783e-18

Final set of parameters            Asymptotic Standard Error
=======================            ==========================
a               = 0.0956085        +/- 2.441e-05    (0.02553%)
b               = 2.02831          +/- 0.0001111    (0.005479%)

correlation matrix of the fit parameters:
                a      b      
a               1.000 
b               1.000  1.000 


*******************************************************************************
Fri Feb  6 13:03:25 2026


FIT:    data read from "diffeq_h_scaling3.dat" using ($1):($3)
        format = x:z
        x range restricted to [1.00000e-07 : 0.100000]
        #datapoints = 7
        residuals are weighted equally (unit weight)

function used for fitting: f(x)
	f(x) = a * x**b
fitted parameters initialized with current variable values

iter      chisq       delta/lim  lambda   a             b            
   0 2.8118157505e+00   0.00e+00  6.82e-02    1.000000e+00   1.000000e+00
   9 3.6516124126e-19  -9.94e-03  6.82e-07    6.487213e-01   5.843140e-11

After 9 iterations the fit converged.
final sum of squares of residuals : 3.65161e-19
rel. change during last iteration : -9.94168e-08

degrees of freedom    (FIT_NDF)                        : 5
rms of residuals      (FIT_STDFIT) = sqrt(WSSR/ndf)    : 2.70245e-10
variance of residuals (reduced chisquare) = WSSR/ndf   : 7.30322e-20

Final set of parameters            Asymptotic Standard Error
=======================            ==========================
a               = 0.648721         +/- 2.284e-10    (3.521e-08%)
b               = 5.84314e-11      +/- 3.419e-11    (58.51%)

correlation matrix of the fit parameters:
                a      b      
a               1.000 
b               0.894  1.000 


*******************************************************************************
Fri Feb  6 13:04:21 2026


FIT:    data read from "diffeq_h_scaling3.dat" using ($1):($3)
        format = x:z
        x range restricted to [1.00000e-07 : 0.100000]
        #datapoints = 20
        residuals are weighted equally (unit weight)

function used for fitting: f(x)
	f(x) = a * x**b
fitted parameters initialized with current variable values

iter      chisq       delta/lim  lambda   a             b            
   0 8.1706308136e+00   0.00e+00  5.04e-02    1.000000e+00   1.000000e+00
  27 1.1884572482e-19   0.00e+00  5.04e+02    6.487213e-01   3.641904e-12

After 27 iterations the fit converged.
final sum of squares of residuals : 1.18846e-19
rel. change during last iteration : 0

degrees of freedom    (FIT_NDF)                        : 18
rms of residuals      (FIT_STDFIT) = sqrt(WSSR/ndf)    : 8.1256e-11
variance of residuals (reduced chisquare) = WSSR/ndf   : 6.60254e-21

Final set of parameters            Asymptotic Standard Error
=======================            ==========================
a               = 0.648721         +/- 4.43e-11     (6.829e-09%)
b               = 3.6419e-12       +/- 7.003e-12    (192.3%)

correlation matrix of the fit parameters:
                a      b      
a               1.000 
b               0.912  1.000 


*******************************************************************************
Fri Feb  6 13:05:33 2026


FIT:    data read from "diffeq_h_scaling3.dat" using ($1):($3)
        format = x:z
        x range restricted to [1.00000e-07 : 0.100000]
        #datapoints = 7
        residuals are weighted equally (unit weight)

function used for fitting: f(x)
	f(x) = a * x**b
fitted parameters initialized with current variable values

iter      chisq       delta/lim  lambda   a             b            
   0 1.1516382756e+33   0.00e+00  6.82e-02    1.000000e+00   1.000000e+00

Current data point
=========================
#               = 1 out of 7
x               = -1.0383e+15    
z               = 1.28265e+16    

Current set of parameters
=========================
a               = -1.0383e+15    
b               = -6.13868e+16   

BREAK: Undefined value during function evaluation

*******************************************************************************
Fri Feb  6 13:06:30 2026


FIT:    data read from "diffeq_h_scaling3.dat" using ($1):($3)
        format = x:z
        x range restricted to [1.00000e-07 : 0.100000]
        #datapoints = 7
        residuals are weighted equally (unit weight)

function used for fitting: f(x)
	f(x) = a * x**b
fitted parameters initialized with current variable values

iter      chisq       delta/lim  lambda   a             b            
   0 1.1516382756e+33   0.00e+00  6.82e-02    1.000000e+00   1.000000e+00

Current data point
=========================
#               = 1 out of 7
x               = -1.0383e+15    
z               = 1.28265e+16    

Current set of parameters
=========================
a               = -1.0383e+15    
b               = -6.13868e+16   

BREAK: Undefined value during function evaluation

*******************************************************************************
Fri Feb  6 13:07:34 2026


FIT:    data read from "diffeq_h_scaling3.dat" using ($1):($3)
        format = x:z
        x range restricted to [1.00000e-07 : 0.100000]
        #datapoints = 7
        residuals are weighted equally (unit weight)

function used for fitting: f(x)
	f(x) = a * x**b
fitted parameters initialized with current variable values

iter      chisq       delta/lim  lambda   a             b            
   0 4.6065531028e+33   0.00e+00  6.82e-02    1.000000e+00   1.000000e+00

Current data point
=========================
#               = 1 out of 7
x               = -2.0766e+15    
z               = 2.56531e+16    

Current set of parameters
=========================
a               = -2.0766e+15    
b               = -1.22774e+17   

BREAK: Undefined value during function evaluation

*******************************************************************************
Fri Feb  6 13:08:04 2026


FIT:    data read from "diffeq_h_scaling3.dat" using ($1):($3)
        format = x:z
        x range restricted to [1.00000e-07 : 0.100000]
        #datapoints = 7
        residuals are weighted equally (unit weight)

function used for fitting: f(x)
	f(x) = a * x**b
fitted parameters initialized with current variable values

iter      chisq       delta/lim  lambda   a             b            
   0 1.0101010101e-02   0.00e+00  6.82e-02    1.000000e+00   1.000000e+00
   7 2.4777523628e-19  -5.77e-06  6.82e-09    1.026150e-14   1.897594e+00

After 7 iterations the fit converged.
final sum of squares of residuals : 2.47775e-19
rel. change during last iteration : -5.77326e-11

degrees of freedom    (FIT_NDF)                        : 5
rms of residuals      (FIT_STDFIT) = sqrt(WSSR/ndf)    : 2.2261e-10
variance of residuals (reduced chisquare) = WSSR/ndf   : 4.9555e-20

Final set of parameters            Asymptotic Standard Error
=======================            ==========================
a               = 1.02615e-14      +/- 1.395e-06    (1.36e+10%)
b               = 1.89759          +/- 5.916e+07    (3.118e+09%)

correlation matrix of the fit parameters:
                a      b      
a               1.000 
b               1.000  1.000 


*******************************************************************************
Fri Feb  6 13:10:24 2026


FIT:    data read from "diffeq_h_scaling3.dat" using ($1):($3)
        format = x:z
        x range restricted to [1.00000e-07 : 0.100000]
BREAK: No data to fit

*******************************************************************************
Fri Feb  6 13:11:53 2026


FIT:    data read from "diffeq_h_scaling3.dat" using ($1):($3)
        format = x:z
        x range restricted to [1.00000e-07 : 0.100000]
        #datapoints = 7
        residuals are weighted equally (unit weight)

function used for fitting: f(x)
	f(x) = a * x**b
fitted parameters initialized with current variable values

iter      chisq       delta/lim  lambda   a             b            
   0 4.0742807208e+13   0.00e+00  6.82e-02    1.000000e+00   1.000000e+00

Current data point
=========================
#               = 1 out of 7
x               = -1127.93       
z               = 1.49205        

Current set of parameters
=========================
a               = -1127.93       
b               = -784.983       

BREAK: Undefined value during function evaluation

*******************************************************************************
Fri Feb  6 13:13:37 2026


FIT:    data read from "diffeq_h_scaling3.dat" using ($1):($3)
        format = x:z
        x range restricted to [1.00000e-07 : 0.100000]
        #datapoints = 7
        residuals are weighted equally (unit weight)

function used for fitting: f(x)
	f(x) = a * x**b
fitted parameters initialized with current variable values

iter      chisq       delta/lim  lambda   a             b            
   0 4.0742807208e+13   0.00e+00  6.82e-02    1.000000e+00   1.000000e+00

Current data point
=========================
#               = 1 out of 7
x               = -1127.93       
z               = 1.49205        

Current set of parameters
=========================
a               = -1127.93       
b               = -784.983       

BREAK: Undefined value during function evaluation

*******************************************************************************
Fri Feb  6 13:13:51 2026


FIT:    data read from "diffeq_h_scaling3.dat" using ($1):($3)
        format = x:z
        x range restricted to [1.00000e-06 : 0.0100000]
        #datapoints = 5
        residuals are weighted equally (unit weight)

function used for fitting: f(x)
	f(x) = a * x**b
fitted parameters initialized with current variable values

iter      chisq       delta/lim  lambda   a             b            
   0 1.0286964309e+10   0.00e+00  1.50e-02    1.000000e+00   1.000000e+00

Current data point
=========================
#               = 1 out of 5
x               = -3943.32       
z               = 16.8868        

Current set of parameters
=========================
a               = -3943.32       
b               = -4927.21       

BREAK: Undefined value during function evaluation

*******************************************************************************
Fri Feb  6 13:17:22 2026


FIT:    data read from "diffeq_h_scaling3.dat" using ($1):($3)
        format = x:z
        x range restricted to [1.00000e-06 : 0.0100000]
        #datapoints = 5
        residuals are weighted equally (unit weight)

function used for fitting: f(x)
	f(x) = a * x**b
fitted parameters initialized with current variable values

iter      chisq       delta/lim  lambda   a             b            
   0 6.3522195444e-03   0.00e+00  1.50e-02    1.000000e+00   1.000000e+00
   4 6.2528155782e-03  -5.95e-01  1.50e-04    9.941796e-02   1.448493e+00

After 4 iterations the fit converged.
final sum of squares of residuals : 0.00625282
rel. change during last iteration : -5.94504e-06

degrees of freedom    (FIT_NDF)                        : 3
rms of residuals      (FIT_STDFIT) = sqrt(WSSR/ndf)    : 0.0456538
variance of residuals (reduced chisquare) = WSSR/ndf   : 0.00208427

Final set of parameters            Asymptotic Standard Error
=======================            ==========================
a               = 0.099418         +/- 2031         (2.043e+06%)
b               = 1.44849          +/- 4447         (3.07e+05%)

correlation matrix of the fit parameters:
                a      b      
a               1.000 
b               1.000  1.000 


*******************************************************************************
Fri Feb  6 13:18:31 2026


FIT:    data read from "diffeq_h_scaling3.dat" using ($1):($3)
        format = x:z
        x range restricted to [1.00000e-06 : 0.0100000]
        #datapoints = 5
        residuals are weighted equally (unit weight)

function used for fitting: f(x)
	f(x) = a * x**b
fitted parameters initialized with current variable values

iter      chisq       delta/lim  lambda   a             b            
   0 9.7743627869e-05   0.00e+00  1.50e-02    1.000000e+00   1.000000e+00
  13 4.2795291160e-24  -1.03e-02  1.50e-15    1.645499e+00   2.000049e+00

After 13 iterations the fit converged.
final sum of squares of residuals : 4.27953e-24
rel. change during last iteration : -1.03415e-07

degrees of freedom    (FIT_NDF)                        : 3
rms of residuals      (FIT_STDFIT) = sqrt(WSSR/ndf)    : 1.19437e-12
variance of residuals (reduced chisquare) = WSSR/ndf   : 1.42651e-24

Final set of parameters            Asymptotic Standard Error
=======================            ==========================
a               = 1.6455           +/- 2.406e-06    (0.0001462%)
b               = 2.00005          +/- 3.189e-07    (1.595e-05%)

correlation matrix of the fit parameters:
                a      b      
a               1.000 
b               1.000  1.000 
